2021-04-01 06:45:21 [INFO ] [40m[31m[1m■ boundstone MCPE v0.0.1 ■[22m[39m[49m
2021-04-01 06:45:21 [INFO ] SECOND LOG
2021-04-01 06:45:21 [DEBUG] 0.0.0.0:19132
2021-04-01 06:45:21 [INFO ] [40m[32mUse "stop" for shutdown[39m[49m
2021-04-01 06:45:23 [DEBUG] Got command stop
2021-04-01 06:58:32 [INFO ] [40m[31m[1m■ boundstone MCPE v0.0.1 ■[22m[39m[49m
2021-04-01 06:58:32 [INFO ] SECOND LOG
2021-04-01 06:58:32 [DEBUG] 0.0.0.0:19132
2021-04-01 06:58:32 [INFO ] [40m[32mUse "stop" for shutdown[39m[49m
2021-04-01 06:58:35 [DEBUG] Got command stop
2021-04-01 07:01:08 [INFO ] [40m[31m[1m■ boundstone MCPE v0.0.1 ■[22m[39m[49m
2021-04-01 07:01:08 [INFO ] SECOND LOG
2021-04-01 07:01:08 [DEBUG] 0.0.0.0:19132
2021-04-01 07:01:08 [INFO ] [40m[32mUse "stop" for shutdown[39m[49m
2021-04-01 07:01:10 [DEBUG] Got command stop
2021-04-01 07:05:40 [INFO ] [40m[31m[1m■ boundstone MCPE v0.0.1 ■[22m[39m[49m
2021-04-01 07:05:40 [INFO ] SECOND LOG
2021-04-01 07:05:40 [DEBUG] 0.0.0.0:19132
2021-04-01 07:05:40 [INFO ] [40m[32mUse "stop" for shutdown[39m[49m
2021-04-01 07:05:42 [DEBUG] Got command stop
2021-04-01 07:05:42 [WARN ] [93m Shutting down.. [39m
